<?xml version="1.0" encoding="UTF-8"?>
<!-- Generated by org.testng.reporters.JUnitReportReporter -->
<testsuite hostname="Aditya-PC" name="testNG.first" tests="2" failures="0" timestamp="18 Apr 2016 09:33:49 GMT" time="0.077" errors="0">
  <testcase name="testB" time="0.062" classname="testNG.first"/>
  <testcase name="testA" time="0.015" classname="testNG.first"/>
</testsuite> <!-- testNG.first -->
